
> backend@1.0.0 start
> node server.js

[dotenv@17.2.2] injecting env (20) from .env -- tip: 📡 version env with Radar: https://dotenvx.com/radar
[dotenv@17.2.2] injecting env (0) from .env -- tip: ⚙️  enable debug logging with { debug: true }
📦 Loading models...
✅ User model loaded successfully
  ✓ User model loaded
/home/groot/QualityControlSbi/backend/models/index.js:10
const MaterialInspection = require("./MaterialInspection")(sequelize);
                                                          ^

TypeError: Class constructor model cannot be invoked without 'new'
    at Object.<anonymous> (/home/groot/QualityControlSbi/backend/models/index.js:10:59)
    at Module._compile (node:internal/modules/cjs/loader:1706:14)
    at Object..js (node:internal/modules/cjs/loader:1839:10)
    at Module.load (node:internal/modules/cjs/loader:1441:32)
    at Function._load (node:internal/modules/cjs/loader:1263:12)
    at TracingChannel.traceSync (node:diagnostics_channel:322:14)
    at wrapModuleLoad (node:internal/modules/cjs/loader:237:24)
    at Module.require (node:internal/modules/cjs/loader:1463:12)
    at require (node:internal/modules/helpers:147:16)
    at Object.<anonymous> (/home/groot/QualityControlSbi/backend/controllers/authController.js:3:18)

Node.js v22.19.0
